# JRE version: OpenJDK Runtime Environment Corretto-17.0.11.9.1 (17.0.11+9) (build 17.0.11+9-LTS)
# Java VM: OpenJDK 64-Bit Server VM Corretto-17.0.11.9.1 (17.0.11+9-LTS, mixed mode, sharing, tiered, compressed oops, compressed class ptrs, g1 gc, windows-amd64)
GC Precious Log:
 CPUs: 4 total, 4 available
 Memory: 6020M
 Large Page Support: Disabled
 NUMA Support: Disabled
 Compressed Oops: Enabled (32-bit)
 Heap Region Size: 1M
 Heap Min Capacity: 8M
 Heap Initial Capacity: 96M
 Heap Max Capacity: 2G
 Pre-touch: Disabled
 Parallel Workers: 4
 Concurrent Workers: 1
 Concurrent Refinement Workers: 4
 Periodic GC: Disabled
Heap:
 garbage-first heap   total 327680K, used 286092K [0x0000000080000000, 0x0000000100000000)
  region size 1024K, 2 young (2048K), 2 survivors (2048K)
 Metaspace       used 114218K, committed 115392K, reserved 557056K
  class space    used 15879K, committed 16448K, reserved 425984K
GC Heap History (20 events):
Event: 71.069 GC heap after
{Heap after GC invocations=55 (full 0):
 garbage-first heap   total 327680K, used 156638K [0x0000000080000000, 0x0000000100000000)
  region size 1024K, 10 young (10240K), 10 survivors (10240K)
 Metaspace       used 99412K, committed 100480K, reserved 557056K
  class space    used 13843K, committed 14336K, reserved 425984K
}
Event: 73.169 GC heap before
{Heap before GC invocations=55 (full 0):
 garbage-first heap   total 327680K, used 277470K [0x0000000080000000, 0x0000000100000000)
  region size 1024K, 113 young (115712K), 10 survivors (10240K)
 Metaspace       used 101285K, committed 102336K, reserved 557056K
  class space    used 14076K, committed 14592K, reserved 425984K
}
Event: 73.201 GC heap after
{Heap after GC invocations=56 (full 0):
 garbage-first heap   total 327680K, used 165337K [0x0000000080000000, 0x0000000100000000)
  region size 1024K, 8 young (8192K), 8 survivors (8192K)
 Metaspace       used 101285K, committed 102336K, reserved 557056K
  class space    used 14076K, committed 14592K, reserved 425984K
}
Event: 78.445 GC heap before
{Heap before GC invocations=56 (full 0):
 garbage-first heap   total 327680K, used 272857K [0x0000000080000000, 0x0000000100000000)
  region size 1024K, 106 young (108544K), 8 survivors (8192K)
 Metaspace       used 104670K, committed 105792K, reserved 557056K
  class space    used 14524K, committed 15040K, reserved 425984K
}
Event: 78.469 GC heap after
{Heap after GC invocations=57 (full 0):
 garbage-first heap   total 327680K, used 173957K [0x0000000080000000, 0x0000000100000000)
  region size 1024K, 8 young (8192K), 8 survivors (8192K)
 Metaspace       used 104670K, committed 105792K, reserved 557056K
  class space    used 14524K, committed 15040K, reserved 425984K
}
Event: 82.809 GC heap before
{Heap before GC invocations=57 (full 0):
 garbage-first heap   total 327680K, used 288645K [0x0000000080000000, 0x0000000100000000)
  region size 1024K, 101 young (103424K), 8 survivors (8192K)
 Metaspace       used 110105K, committed 111232K, reserved 557056K
  class space    used 15185K, committed 15744K, reserved 425984K
}
Event: 82.830 GC heap after
{Heap after GC invocations=58 (full 0):
 garbage-first heap   total 327680K, used 199680K [0x0000000080000000, 0x0000000100000000)
  region size 1024K, 10 young (10240K), 10 survivors (10240K)
 Metaspace       used 110105K, committed 111232K, reserved 557056K
  class space    used 15185K, committed 15744K, reserved 425984K
}
Event: 83.063 GC heap before
{Heap before GC invocations=58 (full 0):
 garbage-first heap   total 327680K, used 248832K [0x0000000080000000, 0x0000000100000000)
  region size 1024K, 34 young (34816K), 10 survivors (10240K)
 Metaspace       used 110665K, committed 111808K, reserved 557056K
  class space    used 15266K, committed 15808K, reserved 425984K
}
Event: 83.074 GC heap after
{Heap after GC invocations=59 (full 0):
 garbage-first heap   total 327680K, used 220097K [0x0000000080000000, 0x0000000100000000)
  region size 1024K, 7 young (7168K), 7 survivors (7168K)
 Metaspace       used 110665K, committed 111808K, reserved 557056K
  class space    used 15266K, committed 15808K, reserved 425984K
}
Event: 84.462 GC heap before
{Heap before GC invocations=59 (full 0):
 garbage-first heap   total 327680K, used 288705K [0x0000000080000000, 0x0000000100000000)
  region size 1024K, 59 young (60416K), 7 survivors (7168K)
 Metaspace       used 111672K, committed 112832K, reserved 557056K
  class space    used 15384K, committed 15936K, reserved 425984K
}
Event: 84.495 GC heap after
{Heap after GC invocations=60 (full 0):
 garbage-first heap   total 327680K, used 239616K [0x0000000080000000, 0x0000000100000000)
  region size 1024K, 8 young (8192K), 8 survivors (8192K)
 Metaspace       used 111672K, committed 112832K, reserved 557056K
  class space    used 15384K, committed 15936K, reserved 425984K
}
Event: 85.426 GC heap before
{Heap before GC invocations=60 (full 0):
 garbage-first heap   total 327680K, used 276480K [0x0000000080000000, 0x0000000100000000)
  region size 1024K, 42 young (43008K), 8 survivors (8192K)
 Metaspace       used 111672K, committed 112832K, reserved 557056K
  class space    used 15384K, committed 15936K, reserved 425984K
}
Event: 85.474 GC heap after
{Heap after GC invocations=61 (full 0):
 garbage-first heap   total 327680K, used 255789K [0x0000000080000000, 0x0000000100000000)
  region size 1024K, 6 young (6144K), 6 survivors (6144K)
 Metaspace       used 111672K, committed 112832K, reserved 557056K
  class space    used 15384K, committed 15936K, reserved 425984K
}
Event: 86.847 GC heap before
{Heap before GC invocations=61 (full 0):
 garbage-first heap   total 327680K, used 276269K [0x0000000080000000, 0x0000000100000000)
  region size 1024K, 27 young (27648K), 6 survivors (6144K)
 Metaspace       used 114053K, committed 115200K, reserved 557056K
  class space    used 15878K, committed 16448K, reserved 425984K
}
Event: 86.869 GC heap after
{Heap after GC invocations=62 (full 0):
 garbage-first heap   total 327680K, used 261632K [0x0000000080000000, 0x0000000100000000)
  region size 1024K, 4 young (4096K), 4 survivors (4096K)
 Metaspace       used 114053K, committed 115200K, reserved 557056K
  class space    used 15878K, committed 16448K, reserved 425984K
}
Event: 87.054 GC heap before
{Heap before GC invocations=62 (full 0):
 garbage-first heap   total 327680K, used 280064K [0x0000000080000000, 0x0000000100000000)
  region size 1024K, 22 young (22528K), 4 survivors (4096K)
 Metaspace       used 114158K, committed 115328K, reserved 557056K
  class space    used 15879K, committed 16448K, reserved 425984K
}
Event: 87.079 GC heap after
{Heap after GC invocations=63 (full 0):
 garbage-first heap   total 327680K, used 270743K [0x0000000080000000, 0x0000000100000000)
  region size 1024K, 3 young (3072K), 3 survivors (3072K)
 Metaspace       used 114158K, committed 115328K, reserved 557056K
  class space    used 15879K, committed 16448K, reserved 425984K
}
Event: 87.237 GC heap before
{Heap before GC invocations=63 (full 0):
 garbage-first heap   total 327680K, used 283031K [0x0000000080000000, 0x0000000100000000)
  region size 1024K, 16 young (16384K), 3 survivors (3072K)
 Metaspace       used 114208K, committed 115392K, reserved 557056K
  class space    used 15879K, committed 16448K, reserved 425984K
}
Event: 87.256 GC heap after
{Heap after GC invocations=64 (full 0):
 garbage-first heap   total 327680K, used 277959K [0x0000000080000000, 0x0000000100000000)
  region size 1024K, 2 young (2048K), 2 survivors (2048K)
 Metaspace       used 114208K, committed 115392K, reserved 557056K
  class space    used 15879K, committed 16448K, reserved 425984K
}
Event: 87.381 GC heap before
{Heap before GC invocations=64 (full 0):
 garbage-first heap   total 327680K, used 292295K [0x0000000080000000, 0x0000000100000000)
  region size 1024K, 16 young (16384K), 2 survivors (2048K)
 Metaspace       used 114218K, committed 115392K, reserved 557056K
  class space    used 15879K, committed 16448K, reserved 425984K
}

