# JRE version: OpenJDK Runtime Environment Corretto-17.0.11.9.1 (17.0.11+9) (build 17.0.11+9-LTS)
# Java VM: OpenJDK 64-Bit Server VM Corretto-17.0.11.9.1 (17.0.11+9-LTS, mixed mode, sharing, tiered, compressed oops, compressed class ptrs, g1 gc, windows-amd64)
GC Precious Log:
 CPUs: 4 total, 4 available
 Memory: 6020M
 Large Page Support: Disabled
 NUMA Support: Disabled
 Compressed Oops: Enabled (32-bit)
 Heap Region Size: 1M
 Heap Min Capacity: 8M
 Heap Initial Capacity: 96M
 Heap Max Capacity: 2G
 Pre-touch: Disabled
 Parallel Workers: 4
 Concurrent Workers: 1
 Concurrent Refinement Workers: 4
 Periodic GC: Disabled
Heap:
 garbage-first heap   total 307200K, used 236544K [0x0000000080000000, 0x0000000100000000)
  region size 1024K, 55 young (56320K), 9 survivors (9216K)
 Metaspace       used 122053K, committed 123392K, reserved 557056K
  class space    used 16542K, committed 17216K, reserved 425984K
GC Heap History (20 events):
Event: 86.747 GC heap before
{Heap before GC invocations=76 (full 0):
 garbage-first heap   total 217088K, used 193583K [0x0000000080000000, 0x0000000100000000)
  region size 1024K, 28 young (28672K), 4 survivors (4096K)
 Metaspace       used 105459K, committed 106560K, reserved 557056K
  class space    used 14554K, committed 15104K, reserved 425984K
}
Event: 86.756 GC heap after
{Heap after GC invocations=77 (full 0):
 garbage-first heap   total 217088K, used 163684K [0x0000000080000000, 0x0000000100000000)
  region size 1024K, 4 young (4096K), 4 survivors (4096K)
 Metaspace       used 105459K, committed 106560K, reserved 557056K
  class space    used 14554K, committed 15104K, reserved 425984K
}
Event: 87.739 GC heap before
{Heap before GC invocations=77 (full 0):
 garbage-first heap   total 217088K, used 186212K [0x0000000080000000, 0x0000000100000000)
  region size 1024K, 27 young (27648K), 4 survivors (4096K)
 Metaspace       used 106110K, committed 107200K, reserved 557056K
  class space    used 14609K, committed 15168K, reserved 425984K
}
Event: 87.747 GC heap after
{Heap after GC invocations=78 (full 0):
 garbage-first heap   total 217088K, used 164689K [0x0000000080000000, 0x0000000100000000)
  region size 1024K, 3 young (3072K), 3 survivors (3072K)
 Metaspace       used 106110K, committed 107200K, reserved 557056K
  class space    used 14609K, committed 15168K, reserved 425984K
}
Event: 88.163 GC heap before
{Heap before GC invocations=78 (full 0):
 garbage-first heap   total 217088K, used 192337K [0x0000000080000000, 0x0000000100000000)
  region size 1024K, 27 young (27648K), 3 survivors (3072K)
 Metaspace       used 106367K, committed 107520K, reserved 557056K
  class space    used 14637K, committed 15232K, reserved 425984K
}
Event: 88.171 GC heap after
{Heap after GC invocations=79 (full 0):
 garbage-first heap   total 217088K, used 166296K [0x0000000080000000, 0x0000000100000000)
  region size 1024K, 3 young (3072K), 3 survivors (3072K)
 Metaspace       used 106367K, committed 107520K, reserved 557056K
  class space    used 14637K, committed 15232K, reserved 425984K
}
Event: 88.651 GC heap before
{Heap before GC invocations=79 (full 0):
 garbage-first heap   total 217088K, used 191896K [0x0000000080000000, 0x0000000100000000)
  region size 1024K, 25 young (25600K), 3 survivors (3072K)
 Metaspace       used 106479K, committed 107712K, reserved 557056K
  class space    used 14645K, committed 15232K, reserved 425984K
}
Event: 88.659 GC heap after
{Heap after GC invocations=80 (full 0):
 garbage-first heap   total 217088K, used 167807K [0x0000000080000000, 0x0000000100000000)
  region size 1024K, 4 young (4096K), 4 survivors (4096K)
 Metaspace       used 106479K, committed 107712K, reserved 557056K
  class space    used 14645K, committed 15232K, reserved 425984K
}
Event: 89.827 GC heap before
{Heap before GC invocations=80 (full 0):
 garbage-first heap   total 217088K, used 188287K [0x0000000080000000, 0x0000000100000000)
  region size 1024K, 24 young (24576K), 4 survivors (4096K)
 Metaspace       used 108594K, committed 109760K, reserved 557056K
  class space    used 14921K, committed 15488K, reserved 425984K
}
Event: 89.836 GC heap after
{Heap after GC invocations=81 (full 0):
 garbage-first heap   total 217088K, used 170167K [0x0000000080000000, 0x0000000100000000)
  region size 1024K, 3 young (3072K), 3 survivors (3072K)
 Metaspace       used 108594K, committed 109760K, reserved 557056K
  class space    used 14921K, committed 15488K, reserved 425984K
}
Event: 91.746 GC heap before
{Heap before GC invocations=81 (full 0):
 garbage-first heap   total 217088K, used 193719K [0x0000000080000000, 0x0000000100000000)
  region size 1024K, 21 young (21504K), 3 survivors (3072K)
 Metaspace       used 114364K, committed 115584K, reserved 557056K
  class space    used 15614K, committed 16192K, reserved 425984K
}
Event: 91.756 GC heap after
{Heap after GC invocations=82 (full 0):
 garbage-first heap   total 217088K, used 179424K [0x0000000080000000, 0x0000000100000000)
  region size 1024K, 3 young (3072K), 3 survivors (3072K)
 Metaspace       used 114364K, committed 115584K, reserved 557056K
  class space    used 15614K, committed 16192K, reserved 425984K
}
Event: 92.220 GC heap before
{Heap before GC invocations=82 (full 0):
 garbage-first heap   total 217088K, used 187616K [0x0000000080000000, 0x0000000100000000)
  region size 1024K, 11 young (11264K), 3 survivors (3072K)
 Metaspace       used 114400K, committed 115584K, reserved 557056K
  class space    used 15614K, committed 16192K, reserved 425984K
}
Event: 92.226 GC heap after
{Heap after GC invocations=83 (full 0):
 garbage-first heap   total 217088K, used 181325K [0x0000000080000000, 0x0000000100000000)
  region size 1024K, 2 young (2048K), 2 survivors (2048K)
 Metaspace       used 114400K, committed 115584K, reserved 557056K
  class space    used 15614K, committed 16192K, reserved 425984K
}
Event: 93.283 GC heap before
{Heap before GC invocations=84 (full 0):
 garbage-first heap   total 307200K, used 188493K [0x0000000080000000, 0x0000000100000000)
  region size 1024K, 10 young (10240K), 2 survivors (2048K)
 Metaspace       used 114663K, committed 115840K, reserved 557056K
  class space    used 15654K, committed 16192K, reserved 425984K
}
Event: 93.293 GC heap after
{Heap after GC invocations=85 (full 0):
 garbage-first heap   total 307200K, used 183224K [0x0000000080000000, 0x0000000100000000)
  region size 1024K, 2 young (2048K), 2 survivors (2048K)
 Metaspace       used 114663K, committed 115840K, reserved 557056K
  class space    used 15654K, committed 16192K, reserved 425984K
}
Event: 94.251 GC heap before
{Heap before GC invocations=85 (full 0):
 garbage-first heap   total 307200K, used 196536K [0x0000000080000000, 0x0000000100000000)
  region size 1024K, 15 young (15360K), 2 survivors (2048K)
 Metaspace       used 115610K, committed 116736K, reserved 557056K
  class space    used 15768K, committed 16320K, reserved 425984K
}
Event: 94.266 GC heap after
{Heap after GC invocations=86 (full 0):
 garbage-first heap   total 307200K, used 184292K [0x0000000080000000, 0x0000000100000000)
  region size 1024K, 2 young (2048K), 2 survivors (2048K)
 Metaspace       used 115610K, committed 116736K, reserved 557056K
  class space    used 15768K, committed 16320K, reserved 425984K
}
Event: 97.879 GC heap before
{Heap before GC invocations=86 (full 0):
 garbage-first heap   total 307200K, used 250852K [0x0000000080000000, 0x0000000100000000)
  region size 1024K, 68 young (69632K), 2 survivors (2048K)
 Metaspace       used 119178K, committed 120384K, reserved 557056K
  class space    used 16175K, committed 16768K, reserved 425984K
}
Event: 97.906 GC heap after
{Heap after GC invocations=87 (full 0):
 garbage-first heap   total 307200K, used 191488K [0x0000000080000000, 0x0000000100000000)
  region size 1024K, 9 young (9216K), 9 survivors (9216K)
 Metaspace       used 119178K, committed 120384K, reserved 557056K
  class space    used 16175K, committed 16768K, reserved 425984K
}

