# JRE version: OpenJDK Runtime Environment Corretto-17.0.11.9.1 (17.0.11+9) (build 17.0.11+9-LTS)
# Java VM: OpenJDK 64-Bit Server VM Corretto-17.0.11.9.1 (17.0.11+9-LTS, mixed mode, sharing, tiered, compressed oops, compressed class ptrs, g1 gc, windows-amd64)
GC Precious Log:
 CPUs: 4 total, 4 available
 Memory: 6020M
 Large Page Support: Disabled
 NUMA Support: Disabled
 Compressed Oops: Enabled (32-bit)
 Heap Region Size: 1M
 Heap Min Capacity: 8M
 Heap Initial Capacity: 96M
 Heap Max Capacity: 2G
 Pre-touch: Disabled
 Parallel Workers: 4
 Concurrent Workers: 1
 Concurrent Refinement Workers: 4
 Periodic GC: Disabled
Heap:
 garbage-first heap   total 435200K, used 349079K [0x0000000080000000, 0x0000000100000000)
  region size 1024K, 117 young (119808K), 3 survivors (3072K)
 Metaspace       used 113855K, committed 114944K, reserved 557056K
  class space    used 15807K, committed 16320K, reserved 425984K
GC Heap History (20 events):
Event: 57.143 GC heap before
{Heap before GC invocations=50 (full 0):
 garbage-first heap   total 301056K, used 225740K [0x0000000080000000, 0x0000000100000000)
  region size 1024K, 125 young (128000K), 16 survivors (16384K)
 Metaspace       used 92739K, committed 93696K, reserved 557056K
  class space    used 13057K, committed 13504K, reserved 425984K
}
Event: 57.178 GC heap after
{Heap after GC invocations=51 (full 0):
 garbage-first heap   total 301056K, used 129921K [0x0000000080000000, 0x0000000100000000)
  region size 1024K, 14 young (14336K), 14 survivors (14336K)
 Metaspace       used 92739K, committed 93696K, reserved 557056K
  class space    used 13057K, committed 13504K, reserved 425984K
}
Event: 60.189 GC heap before
{Heap before GC invocations=51 (full 0):
 garbage-first heap   total 301056K, used 231297K [0x0000000080000000, 0x0000000100000000)
  region size 1024K, 113 young (115712K), 14 survivors (14336K)
 Metaspace       used 97538K, committed 98496K, reserved 557056K
  class space    used 13626K, committed 14080K, reserved 425984K
}
Event: 60.223 GC heap after
{Heap after GC invocations=52 (full 0):
 garbage-first heap   total 301056K, used 140137K [0x0000000080000000, 0x0000000100000000)
  region size 1024K, 10 young (10240K), 10 survivors (10240K)
 Metaspace       used 97538K, committed 98496K, reserved 557056K
  class space    used 13626K, committed 14080K, reserved 425984K
}
Event: 62.545 GC heap before
{Heap before GC invocations=52 (full 0):
 garbage-first heap   total 301056K, used 236393K [0x0000000080000000, 0x0000000100000000)
  region size 1024K, 105 young (107520K), 10 survivors (10240K)
 Metaspace       used 99126K, committed 100096K, reserved 557056K
  class space    used 13812K, committed 14272K, reserved 425984K
}
Event: 62.583 GC heap after
{Heap after GC invocations=53 (full 0):
 garbage-first heap   total 301056K, used 148844K [0x0000000080000000, 0x0000000100000000)
  region size 1024K, 10 young (10240K), 10 survivors (10240K)
 Metaspace       used 99126K, committed 100096K, reserved 557056K
  class space    used 13812K, committed 14272K, reserved 425984K
}
Event: 64.822 GC heap before
{Heap before GC invocations=53 (full 0):
 garbage-first heap   total 301056K, used 242028K [0x0000000080000000, 0x0000000100000000)
  region size 1024K, 98 young (100352K), 10 survivors (10240K)
 Metaspace       used 99246K, committed 100160K, reserved 557056K
  class space    used 13814K, committed 14272K, reserved 425984K
}
Event: 64.849 GC heap after
{Heap after GC invocations=54 (full 0):
 garbage-first heap   total 301056K, used 154519K [0x0000000080000000, 0x0000000100000000)
  region size 1024K, 6 young (6144K), 6 survivors (6144K)
 Metaspace       used 99246K, committed 100160K, reserved 557056K
  class space    used 13814K, committed 14272K, reserved 425984K
}
Event: 66.280 GC heap before
{Heap before GC invocations=54 (full 0):
 garbage-first heap   total 301056K, used 263063K [0x0000000080000000, 0x0000000100000000)
  region size 1024K, 93 young (95232K), 6 survivors (6144K)
 Metaspace       used 99535K, committed 100544K, reserved 557056K
  class space    used 13831K, committed 14336K, reserved 425984K
}
Event: 66.301 GC heap after
{Heap after GC invocations=55 (full 0):
 garbage-first heap   total 301056K, used 161687K [0x0000000080000000, 0x0000000100000000)
  region size 1024K, 12 young (12288K), 12 survivors (12288K)
 Metaspace       used 99535K, committed 100544K, reserved 557056K
  class space    used 13831K, committed 14336K, reserved 425984K
}
Event: 69.835 GC heap before
{Heap before GC invocations=55 (full 0):
 garbage-first heap   total 301056K, used 244631K [0x0000000080000000, 0x0000000100000000)
  region size 1024K, 94 young (96256K), 12 survivors (12288K)
 Metaspace       used 104305K, committed 105344K, reserved 557056K
  class space    used 14432K, committed 14976K, reserved 425984K
}
Event: 69.863 GC heap after
{Heap after GC invocations=56 (full 0):
 garbage-first heap   total 301056K, used 170002K [0x0000000080000000, 0x0000000100000000)
  region size 1024K, 8 young (8192K), 8 survivors (8192K)
 Metaspace       used 104305K, committed 105344K, reserved 557056K
  class space    used 14432K, committed 14976K, reserved 425984K
}
Event: 75.244 GC heap before
{Heap before GC invocations=56 (full 0):
 garbage-first heap   total 301056K, used 260114K [0x0000000080000000, 0x0000000100000000)
  region size 1024K, 84 young (86016K), 8 survivors (8192K)
 Metaspace       used 105106K, committed 106176K, reserved 557056K
  class space    used 14476K, committed 15040K, reserved 425984K
}
Event: 75.264 GC heap after
{Heap after GC invocations=57 (full 0):
 garbage-first heap   total 301056K, used 174837K [0x0000000080000000, 0x0000000100000000)
  region size 1024K, 6 young (6144K), 6 survivors (6144K)
 Metaspace       used 105106K, committed 106176K, reserved 557056K
  class space    used 14476K, committed 15040K, reserved 425984K
}
Event: 80.611 GC heap before
{Heap before GC invocations=57 (full 0):
 garbage-first heap   total 301056K, used 263925K [0x0000000080000000, 0x0000000100000000)
  region size 1024K, 72 young (73728K), 6 survivors (6144K)
 Metaspace       used 110403K, committed 111424K, reserved 557056K
  class space    used 15191K, committed 15680K, reserved 425984K
}
Event: 80.628 GC heap after
{Heap after GC invocations=58 (full 0):
 garbage-first heap   total 301056K, used 203375K [0x0000000080000000, 0x0000000100000000)
  region size 1024K, 10 young (10240K), 10 survivors (10240K)
 Metaspace       used 110403K, committed 111424K, reserved 557056K
  class space    used 15191K, committed 15680K, reserved 425984K
}
Event: 84.183 GC heap before
{Heap before GC invocations=59 (full 0):
 garbage-first heap   total 435200K, used 279151K [0x0000000080000000, 0x0000000100000000)
  region size 1024K, 52 young (53248K), 10 survivors (10240K)
 Metaspace       used 111075K, committed 112192K, reserved 557056K
  class space    used 15271K, committed 15808K, reserved 425984K
}
Event: 84.470 GC heap after
{Heap after GC invocations=60 (full 0):
 garbage-first heap   total 435200K, used 226740K [0x0000000080000000, 0x0000000100000000)
  region size 1024K, 7 young (7168K), 7 survivors (7168K)
 Metaspace       used 111075K, committed 112192K, reserved 557056K
  class space    used 15271K, committed 15808K, reserved 425984K
}
Event: 85.532 GC heap before
{Heap before GC invocations=60 (full 0):
 garbage-first heap   total 435200K, used 240052K [0x0000000080000000, 0x0000000100000000)
  region size 1024K, 21 young (21504K), 7 survivors (7168K)
 Metaspace       used 111287K, committed 112384K, reserved 557056K
  class space    used 15310K, committed 15872K, reserved 425984K
}
Event: 85.560 GC heap after
{Heap after GC invocations=61 (full 0):
 garbage-first heap   total 435200K, used 229271K [0x0000000080000000, 0x0000000100000000)
  region size 1024K, 3 young (3072K), 3 survivors (3072K)
 Metaspace       used 111287K, committed 112384K, reserved 557056K
  class space    used 15310K, committed 15872K, reserved 425984K
}

