# JRE version: OpenJDK Runtime Environment Corretto-17.0.11.9.1 (17.0.11+9) (build 17.0.11+9-LTS)
# Java VM: OpenJDK 64-Bit Server VM Corretto-17.0.11.9.1 (17.0.11+9-LTS, mixed mode, sharing, tiered, compressed oops, compressed class ptrs, g1 gc, windows-amd64)
GC Precious Log:
 CPUs: 4 total, 4 available
 Memory: 6020M
 Large Page Support: Disabled
 NUMA Support: Disabled
 Compressed Oops: Enabled (32-bit)
 Heap Region Size: 1M
 Heap Min Capacity: 8M
 Heap Initial Capacity: 96M
 Heap Max Capacity: 2G
 Pre-touch: Disabled
 Parallel Workers: 4
 Concurrent Workers: 1
 Concurrent Refinement Workers: 4
 Periodic GC: Disabled
Heap:
 garbage-first heap   total 391168K, used 303104K [0x0000000080000000, 0x0000000100000000)
  region size 1024K, 5 young (5120K), 5 survivors (5120K)
 Metaspace       used 114037K, committed 115136K, reserved 557056K
  class space    used 15866K, committed 16384K, reserved 425984K
GC Heap History (20 events):
Event: 93.954 GC heap after
{Heap after GC invocations=70 (full 0):
 garbage-first heap   total 290816K, used 165255K [0x0000000080000000, 0x0000000100000000)
  region size 1024K, 8 young (8192K), 8 survivors (8192K)
 Metaspace       used 104418K, committed 105536K, reserved 557056K
  class space    used 14492K, committed 15040K, reserved 425984K
}
Event: 94.102 GC heap before
{Heap before GC invocations=70 (full 0):
 garbage-first heap   total 290816K, used 168327K [0x0000000080000000, 0x0000000100000000)
  region size 1024K, 12 young (12288K), 8 survivors (8192K)
 Metaspace       used 104418K, committed 105536K, reserved 557056K
  class space    used 14492K, committed 15040K, reserved 425984K
}
Event: 94.113 GC heap after
{Heap after GC invocations=71 (full 0):
 garbage-first heap   total 290816K, used 166170K [0x0000000080000000, 0x0000000100000000)
  region size 1024K, 1 young (1024K), 1 survivors (1024K)
 Metaspace       used 104418K, committed 105536K, reserved 557056K
  class space    used 14492K, committed 15040K, reserved 425984K
}
Event: 97.688 GC heap before
{Heap before GC invocations=72 (full 0):
 garbage-first heap   total 299008K, used 260378K [0x0000000080000000, 0x0000000100000000)
  region size 1024K, 75 young (76800K), 1 survivors (1024K)
 Metaspace       used 106245K, committed 107392K, reserved 557056K
  class space    used 14681K, committed 15232K, reserved 425984K
}
Event: 97.700 GC heap after
{Heap after GC invocations=73 (full 0):
 garbage-first heap   total 299008K, used 182983K [0x0000000080000000, 0x0000000100000000)
  region size 1024K, 8 young (8192K), 8 survivors (8192K)
 Metaspace       used 106245K, committed 107392K, reserved 557056K
  class space    used 14681K, committed 15232K, reserved 425984K
}
Event: 97.985 GC heap before
{Heap before GC invocations=73 (full 0):
 garbage-first heap   total 299008K, used 193223K [0x0000000080000000, 0x0000000100000000)
  region size 1024K, 14 young (14336K), 8 survivors (8192K)
 Metaspace       used 106446K, committed 107584K, reserved 557056K
  class space    used 14706K, committed 15232K, reserved 425984K
}
Event: 97.997 GC heap after
{Heap after GC invocations=74 (full 0):
 garbage-first heap   total 299008K, used 190333K [0x0000000080000000, 0x0000000100000000)
  region size 1024K, 2 young (2048K), 2 survivors (2048K)
 Metaspace       used 106446K, committed 107584K, reserved 557056K
  class space    used 14706K, committed 15232K, reserved 425984K
}
Event: 99.994 GC heap before
{Heap before GC invocations=74 (full 0):
 garbage-first heap   total 299008K, used 281469K [0x0000000080000000, 0x0000000100000000)
  region size 1024K, 59 young (60416K), 2 survivors (2048K)
 Metaspace       used 110417K, committed 111552K, reserved 557056K
  class space    used 15238K, committed 15744K, reserved 425984K
}
Event: 100.003 GC heap after
{Heap after GC invocations=75 (full 0):
 garbage-first heap   total 299008K, used 216890K [0x0000000080000000, 0x0000000100000000)
  region size 1024K, 8 young (8192K), 8 survivors (8192K)
 Metaspace       used 110417K, committed 111552K, reserved 557056K
  class space    used 15238K, committed 15744K, reserved 425984K
}
Event: 100.621 GC heap before
{Heap before GC invocations=75 (full 0):
 garbage-first heap   total 299008K, used 237370K [0x0000000080000000, 0x0000000100000000)
  region size 1024K, 27 young (27648K), 8 survivors (8192K)
 Metaspace       used 110858K, committed 112000K, reserved 557056K
  class space    used 15300K, committed 15808K, reserved 425984K
}
Event: 100.631 GC heap after
{Heap after GC invocations=76 (full 0):
 garbage-first heap   total 299008K, used 217519K [0x0000000080000000, 0x0000000100000000)
  region size 1024K, 4 young (4096K), 4 survivors (4096K)
 Metaspace       used 110858K, committed 112000K, reserved 557056K
  class space    used 15300K, committed 15808K, reserved 425984K
}
Event: 101.643 GC heap before
{Heap before GC invocations=77 (full 0):
 garbage-first heap   total 391168K, used 246191K [0x0000000080000000, 0x0000000100000000)
  region size 1024K, 29 young (29696K), 4 survivors (4096K)
 Metaspace       used 111456K, committed 112576K, reserved 557056K
  class space    used 15370K, committed 15872K, reserved 425984K
}
Event: 101.664 GC heap after
{Heap after GC invocations=78 (full 0):
 garbage-first heap   total 391168K, used 224228K [0x0000000080000000, 0x0000000100000000)
  region size 1024K, 4 young (4096K), 4 survivors (4096K)
 Metaspace       used 111456K, committed 112576K, reserved 557056K
  class space    used 15370K, committed 15872K, reserved 425984K
}
Event: 102.032 GC heap before
{Heap before GC invocations=78 (full 0):
 garbage-first heap   total 391168K, used 239588K [0x0000000080000000, 0x0000000100000000)
  region size 1024K, 19 young (19456K), 4 survivors (4096K)
 Metaspace       used 111492K, committed 112576K, reserved 557056K
  class space    used 15375K, committed 15872K, reserved 425984K
}
Event: 102.054 GC heap after
{Heap after GC invocations=79 (full 0):
 garbage-first heap   total 391168K, used 231255K [0x0000000080000000, 0x0000000100000000)
  region size 1024K, 3 young (3072K), 3 survivors (3072K)
 Metaspace       used 111492K, committed 112576K, reserved 557056K
  class space    used 15375K, committed 15872K, reserved 425984K
}
Event: 106.422 GC heap before
{Heap before GC invocations=79 (full 0):
 garbage-first heap   total 391168K, used 302935K [0x0000000080000000, 0x0000000100000000)
  region size 1024K, 71 young (72704K), 3 survivors (3072K)
 Metaspace       used 113981K, committed 115072K, reserved 557056K
  class space    used 15865K, committed 16384K, reserved 425984K
}
Event: 106.531 GC heap after
{Heap after GC invocations=80 (full 0):
 garbage-first heap   total 391168K, used 259072K [0x0000000080000000, 0x0000000100000000)
  region size 1024K, 9 young (9216K), 9 survivors (9216K)
 Metaspace       used 113981K, committed 115072K, reserved 557056K
  class space    used 15865K, committed 16384K, reserved 425984K
}
Event: 107.610 GC heap before
{Heap before GC invocations=80 (full 0):
 garbage-first heap   total 391168K, used 309248K [0x0000000080000000, 0x0000000100000000)
  region size 1024K, 59 young (60416K), 9 survivors (9216K)
 Metaspace       used 114008K, committed 115136K, reserved 557056K
  class space    used 15865K, committed 16384K, reserved 425984K
}
Event: 107.832 GC heap after
{Heap after GC invocations=81 (full 0):
 garbage-first heap   total 391168K, used 285184K [0x0000000080000000, 0x0000000100000000)
  region size 1024K, 8 young (8192K), 8 survivors (8192K)
 Metaspace       used 114008K, committed 115136K, reserved 557056K
  class space    used 15865K, committed 16384K, reserved 425984K
}
Event: 108.780 GC heap before
{Heap before GC invocations=81 (full 0):
 garbage-first heap   total 391168K, used 317952K [0x0000000080000000, 0x0000000100000000)
  region size 1024K, 40 young (40960K), 8 survivors (8192K)
 Metaspace       used 114037K, committed 115136K, reserved 557056K
  class space    used 15866K, committed 16384K, reserved 425984K
}

